<?xml version="1.0" encoding="UTF-8"?>
<!-- Generated by org.testng.reporters.JUnitReportReporter -->
<testsuite hostname="DESKTOP-55B1V46" failures="0" tests="1" name="com.summer.testrunner.summertestrunner" time="4.029" errors="0" timestamp="2022-08-03T22:29:16 CDT" skipped="0">
  <testcase classname="com.summer.testrunner.summertestrunner" name="feature" time="4.029"/>
  <system-out/>
</testsuite> <!-- com.summer.testrunner.summertestrunner -->
